<?xml version="1.0" encoding="UTF-8"?>
<!-- Generated by org.testng.reporters.JUnitXMLReporter -->
<testsuite ignored="0" hostname="DESKTOP-1DGUMCN" failures="0" tests="8" name="Automation" time="22.922" errors="0" timestamp="2023-05-24T18:24:43 UYT">
  <testcase classname="com.jcurotto.AutomationDemo_test.tests.tests" name="demoBlaze" time="16.013"/>
  <testcase classname="com.jcurotto.AutomationDemo_test.restAssured.basicRestAssuredTests" name="createUser" time="1.967"/>
  <testcase classname="com.jcurotto.AutomationDemo_test.restAssured.basicRestAssuredTests" name="createUser" time="0.587"/>
  <testcase classname="com.jcurotto.AutomationDemo_test.restAssured.basicRestAssuredTests" name="createUser" time="0.593"/>
  <testcase classname="com.jcurotto.AutomationDemo_test.restAssured.basicRestAssuredTests" name="createUser" time="0.624"/>
  <testcase classname="com.jcurotto.AutomationDemo_test.restAssured.basicRestAssuredTests" name="createUser" time="0.581"/>
  <testcase classname="com.jcurotto.AutomationDemo_test.restAssured.basicRestAssuredTests" name="testGetUsers" time="0.23"/>
  <testcase classname="com.jcurotto.AutomationDemo_test.restAssured.basicRestAssuredTests" name="verifyIfUserExists" time="0.579"/>
</testsuite> <!-- Automation -->
