<?xml version="1.0" encoding="UTF-8"?>
<!-- Generated by org.testng.reporters.JUnitXMLReporter -->
<testsuite ignored="0" hostname="Joaquins-MacBook-Pro-2.local" failures="1" tests="1" name="Automation" time="26.106" errors="0" timestamp="2024-10-15T18:40:35 GMT-03:00">
  <testcase classname="com.jcurotto.AutomationDemo_test.tests.tests" name="demoBlaze" time="24.343">
    <failure type="java.lang.AssertionError" message="expected [true] but found [false]">
      <![CDATA[java.lang.AssertionError: expected [true] but found [false]
at com.jcurotto.AutomationDemo_test.tests.tests.demoBlaze(tests.java:52)
at java.base/java.util.ArrayList.forEach(ArrayList.java:1597)
at com.intellij.rt.testng.IDEARemoteTestNG.run(IDEARemoteTestNG.java:65)
at com.intellij.rt.testng.RemoteTestNGStarter.main(RemoteTestNGStarter.java:105)
... Removed 26 stack frames]]>
    </failure>
  </testcase> <!-- demoBlaze -->
</testsuite> <!-- Automation -->
