<?xml version="1.0" encoding="UTF-8"?>
<testng-results ignored="0" total="8" passed="8" failed="0" skipped="0">
  <reporter-output>
    <line>
      <![CDATA[Starting execution for: demoBlaze]]>
    </line>
    <line>
      <![CDATA[Navigate to DemoBlaze]]>
    </line>
    <line>
      <![CDATA[Click on Sign Up button]]>
    </line>
    <line>
      <![CDATA[Type new Username]]>
    </line>
    <line>
      <![CDATA[Type new Password]]>
    </line>
    <line>
      <![CDATA[Click on Sign Up button from pop up]]>
    </line>
    <line>
      <![CDATA[Verify Alert message]]>
    </line>
    <line>
      <![CDATA[Click on Log In button]]>
    </line>
    <line>
      <![CDATA[Type username]]>
    </line>
    <line>
      <![CDATA[Type password]]>
    </line>
    <line>
      <![CDATA[Click on login button]]>
    </line>
    <line>
      <![CDATA[Verify if user is logged in]]>
    </line>
    <line>
      <![CDATA[Click on Laptops button]]>
    </line>
    <line>
      <![CDATA[Click on a Laptop from the grid]]>
    </line>
    <line>
      <![CDATA[Click on Add to card button]]>
    </line>
    <line>
      <![CDATA[Verify alert message]]>
    </line>
    <line>
      <![CDATA[Click on Cart button]]>
    </line>
    <line>
      <![CDATA[Verify that the selected laptop was added to the cart]]>
    </line>
    <line>
      <![CDATA[The execution result is: PASSED]]>
    </line>
    <line>
      <![CDATA[Finishing execution for: demoBlaze]]>
    </line>
  </reporter-output>
  <suite started-at="2023-05-24T18:24:20 UYT" name="Baufest Tests" finished-at="2023-05-24T18:24:43 UYT" duration-ms="22922">
    <groups>
    </groups>
    <test started-at="2023-05-24T18:24:20 UYT" name="Automation" finished-at="2023-05-24T18:24:43 UYT" duration-ms="22922">
      <class name="com.jcurotto.AutomationDemo_test.tests.tests">
        <test-method is-config="true" signature="beforeSuite()[pri:0, instance:com.jcurotto.AutomationDemo_test.tests.tests@20d3d15a]" started-at="2023-05-24T18:24:20 UYT" name="beforeSuite" finished-at="2023-05-24T18:24:20 UYT" duration-ms="8" status="PASS">
          <reporter-output>
          </reporter-output>
        </test-method> <!-- beforeSuite -->
        <test-method is-config="true" signature="before(java.lang.reflect.Method,org.testng.ITestResult)[pri:0, instance:com.jcurotto.AutomationDemo_test.tests.tests@20d3d15a]" started-at="2023-05-24T18:24:20 UYT" name="before" finished-at="2023-05-24T18:24:20 UYT" duration-ms="6" status="PASS">
          <params>
            <param index="0">
              <value>
                <![CDATA[public void com.jcurotto.AutomationDemo_test.tests.tests.demoBlaze(java.lang.String,java.lang.String)]]>
              </value>
            </param>
            <param index="1">
              <value>
                <![CDATA[[TestResult name={null} status=CREATED method=tests.demoBlaze(java.lang.String,java.lang.String)[pri:0, instance:com.jcurotto.AutomationDemo_test.tests.tests@20d3d15a] output={null}]]]>
              </value>
            </param>
          </params>
          <reporter-output>
            <line>
              <![CDATA[Starting execution for: demoBlaze]]>
            </line>
          </reporter-output>
        </test-method> <!-- before -->
        <test-method signature="demoBlaze(java.lang.String,java.lang.String)[pri:0, instance:com.jcurotto.AutomationDemo_test.tests.tests@20d3d15a]" started-at="2023-05-24T18:24:20 UYT" name="demoBlaze" data-provider="DataProvider" finished-at="2023-05-24T18:24:36 UYT" duration-ms="16013" status="PASS">
          <params>
            <param index="0">
              <value>
                <![CDATA[BAUFEST36]]>
              </value>
            </param>
            <param index="1">
              <value>
                <![CDATA[A]]>
              </value>
            </param>
          </params>
          <reporter-output>
            <line>
              <![CDATA[Navigate to DemoBlaze]]>
            </line>
            <line>
              <![CDATA[Click on Sign Up button]]>
            </line>
            <line>
              <![CDATA[Type new Username]]>
            </line>
            <line>
              <![CDATA[Type new Password]]>
            </line>
            <line>
              <![CDATA[Click on Sign Up button from pop up]]>
            </line>
            <line>
              <![CDATA[Verify Alert message]]>
            </line>
            <line>
              <![CDATA[Click on Log In button]]>
            </line>
            <line>
              <![CDATA[Type username]]>
            </line>
            <line>
              <![CDATA[Type password]]>
            </line>
            <line>
              <![CDATA[Click on login button]]>
            </line>
            <line>
              <![CDATA[Verify if user is logged in]]>
            </line>
            <line>
              <![CDATA[Click on Laptops button]]>
            </line>
            <line>
              <![CDATA[Click on a Laptop from the grid]]>
            </line>
            <line>
              <![CDATA[Click on Add to card button]]>
            </line>
            <line>
              <![CDATA[Verify alert message]]>
            </line>
            <line>
              <![CDATA[Click on Cart button]]>
            </line>
            <line>
              <![CDATA[Verify that the selected laptop was added to the cart]]>
            </line>
          </reporter-output>
        </test-method> <!-- demoBlaze -->
        <test-method is-config="true" signature="after(org.testng.ITestResult)[pri:0, instance:com.jcurotto.AutomationDemo_test.tests.tests@20d3d15a]" started-at="2023-05-24T18:24:36 UYT" name="after" finished-at="2023-05-24T18:24:38 UYT" duration-ms="1704" status="PASS">
          <params>
            <param index="0">
              <value>
                <![CDATA[[TestResult name=demoBlaze status=SUCCESS method=tests.demoBlaze(java.lang.String,java.lang.String)[pri:0, instance:com.jcurotto.AutomationDemo_test.tests.tests@20d3d15a] output=Navigate to DemoBlaze]]]>
              </value>
            </param>
          </params>
          <reporter-output>
            <line>
              <![CDATA[The execution result is: PASSED]]>
            </line>
            <line>
              <![CDATA[Finishing execution for: demoBlaze]]>
            </line>
          </reporter-output>
        </test-method> <!-- after -->
      </class> <!-- com.jcurotto.AutomationDemo_test.tests.tests -->
      <class name="com.jcurotto.AutomationDemo_test.restAssured.basicRestAssuredTests">
        <test-method signature="createUser(java.lang.String,java.lang.String)[pri:0, instance:com.jcurotto.AutomationDemo_test.restAssured.basicRestAssuredTests@14a2f921]" started-at="2023-05-24T18:24:38 UYT" name="createUser" data-provider="DataProvider" finished-at="2023-05-24T18:24:40 UYT" duration-ms="1967" status="PASS">
          <params>
            <param index="0">
              <value>
                <![CDATA[Joaquin]]>
              </value>
            </param>
            <param index="1">
              <value>
                <![CDATA[QA]]>
              </value>
            </param>
          </params>
          <reporter-output>
          </reporter-output>
        </test-method> <!-- createUser -->
        <test-method signature="createUser(java.lang.String,java.lang.String)[pri:0, instance:com.jcurotto.AutomationDemo_test.restAssured.basicRestAssuredTests@14a2f921]" started-at="2023-05-24T18:24:40 UYT" name="createUser" data-provider="DataProvider" finished-at="2023-05-24T18:24:40 UYT" duration-ms="587" status="PASS">
          <params>
            <param index="0">
              <value>
                <![CDATA[Emma]]>
              </value>
            </param>
            <param index="1">
              <value>
                <![CDATA[Dev]]>
              </value>
            </param>
          </params>
          <reporter-output>
          </reporter-output>
        </test-method> <!-- createUser -->
        <test-method signature="createUser(java.lang.String,java.lang.String)[pri:0, instance:com.jcurotto.AutomationDemo_test.restAssured.basicRestAssuredTests@14a2f921]" started-at="2023-05-24T18:24:40 UYT" name="createUser" data-provider="DataProvider" finished-at="2023-05-24T18:24:41 UYT" duration-ms="593" status="PASS">
          <params>
            <param index="0">
              <value>
                <![CDATA[Eve]]>
              </value>
            </param>
            <param index="1">
              <value>
                <![CDATA[HR]]>
              </value>
            </param>
          </params>
          <reporter-output>
          </reporter-output>
        </test-method> <!-- createUser -->
        <test-method signature="createUser(java.lang.String,java.lang.String)[pri:0, instance:com.jcurotto.AutomationDemo_test.restAssured.basicRestAssuredTests@14a2f921]" started-at="2023-05-24T18:24:41 UYT" name="createUser" data-provider="DataProvider" finished-at="2023-05-24T18:24:41 UYT" duration-ms="624" status="PASS">
          <params>
            <param index="0">
              <value>
                <![CDATA[Charles]]>
              </value>
            </param>
            <param index="1">
              <value>
                <![CDATA[DBA]]>
              </value>
            </param>
          </params>
          <reporter-output>
          </reporter-output>
        </test-method> <!-- createUser -->
        <test-method signature="createUser(java.lang.String,java.lang.String)[pri:0, instance:com.jcurotto.AutomationDemo_test.restAssured.basicRestAssuredTests@14a2f921]" started-at="2023-05-24T18:24:41 UYT" name="createUser" data-provider="DataProvider" finished-at="2023-05-24T18:24:42 UYT" duration-ms="581" status="PASS">
          <params>
            <param index="0">
              <value>
                <![CDATA[Tracey]]>
              </value>
            </param>
            <param index="1">
              <value>
                <![CDATA[SM]]>
              </value>
            </param>
          </params>
          <reporter-output>
          </reporter-output>
        </test-method> <!-- createUser -->
        <test-method signature="testGetUsers()[pri:0, instance:com.jcurotto.AutomationDemo_test.restAssured.basicRestAssuredTests@14a2f921]" started-at="2023-05-24T18:24:42 UYT" name="testGetUsers" finished-at="2023-05-24T18:24:42 UYT" duration-ms="230" status="PASS">
          <reporter-output>
          </reporter-output>
        </test-method> <!-- testGetUsers -->
        <test-method signature="verifyIfUserExists()[pri:0, instance:com.jcurotto.AutomationDemo_test.restAssured.basicRestAssuredTests@14a2f921]" started-at="2023-05-24T18:24:42 UYT" name="verifyIfUserExists" finished-at="2023-05-24T18:24:43 UYT" duration-ms="579" status="PASS">
          <reporter-output>
          </reporter-output>
        </test-method> <!-- verifyIfUserExists -->
      </class> <!-- com.jcurotto.AutomationDemo_test.restAssured.basicRestAssuredTests -->
    </test> <!-- Automation -->
  </suite> <!-- Baufest Tests -->
</testng-results>
