<?xml version="1.0" encoding="UTF-8"?>
<testng-results ignored="0" total="2" passed="1" failed="1" skipped="0">
  <reporter-output>
    <line>
      <![CDATA[Starting execution for: LoginToTRELLOandCREATEBOEARD]]>
    </line>
    <line>
      <![CDATA[Navigate to Trello]]>
    </line>
    <line>
      <![CDATA[Click en Iniciar Sesion]]>
    </line>
    <line>
      <![CDATA[Type Username]]>
    </line>
    <line>
      <![CDATA[Type Password]]>
    </line>
    <line>
      <![CDATA[Click on tableros]]>
    </line>
    <line>
      <![CDATA[Agregar nombre al nuevo tablero]]>
    </line>
    <line>
      <![CDATA[Clickear en el boton Creat Tablero]]>
    </line>
    <line>
      <![CDATA[Verificar que el tablero se creo]]>
    </line>
    <line>
      <![CDATA[The execution result is: PASSED]]>
    </line>
    <line>
      <![CDATA[Finishing execution for: LoginToTRELLOandCREATEBOEARD]]>
    </line>
    <line>
      <![CDATA[Starting execution for: LoginToTRELLOandCREATEBOEARD]]>
    </line>
    <line>
      <![CDATA[Navigate to Trello]]>
    </line>
    <line>
      <![CDATA[Click en Iniciar Sesion]]>
    </line>
    <line>
      <![CDATA[Type Username]]>
    </line>
    <line>
      <![CDATA[Type Password]]>
    </line>
    <line>
      <![CDATA[Click on tableros]]>
    </line>
    <line>
      <![CDATA[The execution result is: FAILED]]>
    </line>
    <line>
      <![CDATA[Finishing execution for: LoginToTRELLOandCREATEBOEARD]]>
    </line>
  </reporter-output>
  <suite started-at="2021-04-28T18:59:49Z" name="Default suite" finished-at="2021-04-28T19:00:40Z" duration-ms="50234">
    <groups>
    </groups>
    <test started-at="2021-04-28T18:59:49Z" name="Default test" finished-at="2021-04-28T19:00:40Z" duration-ms="50234">
      <class name="com.jcurotto.AutomationDemo_test.tests.trelloTests">
        <test-method is-config="true" signature="beforeSuite()[pri:0, instance:com.jcurotto.AutomationDemo_test.tests.trelloTests@7857fe2]" started-at="2021-04-28T18:59:49Z" name="beforeSuite" finished-at="2021-04-28T18:59:49Z" duration-ms="10" status="PASS">
          <reporter-output>
          </reporter-output>
        </test-method> <!-- beforeSuite -->
        <test-method is-config="true" signature="before(java.lang.reflect.Method, org.testng.ITestResult)[pri:0, instance:com.jcurotto.AutomationDemo_test.tests.trelloTests@7857fe2]" started-at="2021-04-28T18:59:49Z" name="before" finished-at="2021-04-28T18:59:49Z" duration-ms="5" status="PASS">
          <params>
            <param index="0">
              <value>
                <![CDATA[public void com.jcurotto.AutomationDemo_test.tests.trelloTests.LoginToTRELLOandCREATEBOEARD(java.lang.String,java.lang.String,java.lang.String)]]>
              </value>
            </param>
            <param index="1">
              <value>
                <![CDATA[[TestResult name=LoginToTRELLOandCREATEBOEARD status=SUCCESS method=trelloTests.LoginToTRELLOandCREATEBOEARD(java.lang.String, java.lang.String, java.lang.String)[pri:0, instance:com.jcurotto.AutomationDemo_test.tests.trelloTests@7857fe2] output=Navigate to Trello]]]>
              </value>
            </param>
          </params>
          <reporter-output>
            <line>
              <![CDATA[Starting execution for: LoginToTRELLOandCREATEBOEARD]]>
            </line>
          </reporter-output>
        </test-method> <!-- before -->
        <test-method signature="LoginToTRELLOandCREATEBOEARD(java.lang.String, java.lang.String, java.lang.String)[pri:0, instance:com.jcurotto.AutomationDemo_test.tests.trelloTests@7857fe2]" started-at="2021-04-28T18:59:49Z" name="LoginToTRELLOandCREATEBOEARD" data-provider="DataProvider" finished-at="2021-04-28T19:00:11Z" duration-ms="21965" status="PASS">
          <params>
            <param index="0">
              <value>
                <![CDATA[jtestingtest182@gmail.com]]>
              </value>
            </param>
            <param index="1">
              <value>
                <![CDATA[J12345678!]]>
              </value>
            </param>
            <param index="2">
              <value>
                <![CDATA[TESTING8]]>
              </value>
            </param>
          </params>
          <reporter-output>
            <line>
              <![CDATA[Navigate to Trello]]>
            </line>
            <line>
              <![CDATA[Click en Iniciar Sesion]]>
            </line>
            <line>
              <![CDATA[Type Username]]>
            </line>
            <line>
              <![CDATA[Type Password]]>
            </line>
            <line>
              <![CDATA[Click on tableros]]>
            </line>
            <line>
              <![CDATA[Agregar nombre al nuevo tablero]]>
            </line>
            <line>
              <![CDATA[Clickear en el boton Creat Tablero]]>
            </line>
            <line>
              <![CDATA[Verificar que el tablero se creo]]>
            </line>
          </reporter-output>
        </test-method> <!-- LoginToTRELLOandCREATEBOEARD -->
        <test-method is-config="true" signature="after(org.testng.ITestResult)[pri:0, instance:com.jcurotto.AutomationDemo_test.tests.trelloTests@7857fe2]" started-at="2021-04-28T19:00:11Z" name="after" finished-at="2021-04-28T19:00:13Z" duration-ms="2168" status="PASS">
          <params>
            <param index="0">
              <value>
                <![CDATA[[TestResult name=LoginToTRELLOandCREATEBOEARD status=SUCCESS method=trelloTests.LoginToTRELLOandCREATEBOEARD(java.lang.String, java.lang.String, java.lang.String)[pri:0, instance:com.jcurotto.AutomationDemo_test.tests.trelloTests@7857fe2] output=Navigate to Trello]]]>
              </value>
            </param>
          </params>
          <reporter-output>
            <line>
              <![CDATA[The execution result is: PASSED]]>
            </line>
            <line>
              <![CDATA[Finishing execution for: LoginToTRELLOandCREATEBOEARD]]>
            </line>
          </reporter-output>
        </test-method> <!-- after -->
        <test-method is-config="true" signature="before(java.lang.reflect.Method, org.testng.ITestResult)[pri:0, instance:com.jcurotto.AutomationDemo_test.tests.trelloTests@7857fe2]" started-at="2021-04-28T19:00:13Z" name="before" finished-at="2021-04-28T19:00:13Z" duration-ms="0" status="PASS">
          <params>
            <param index="0">
              <value>
                <![CDATA[public void com.jcurotto.AutomationDemo_test.tests.trelloTests.LoginToTRELLOandCREATEBOEARD(java.lang.String,java.lang.String,java.lang.String)]]>
              </value>
            </param>
            <param index="1">
              <value>
                <![CDATA[[TestResult name=LoginToTRELLOandCREATEBOEARD status=FAILURE method=trelloTests.LoginToTRELLOandCREATEBOEARD(java.lang.String, java.lang.String, java.lang.String)[pri:0, instance:com.jcurotto.AutomationDemo_test.tests.trelloTests@7857fe2] output=Navigate to Trello]]]>
              </value>
            </param>
          </params>
          <reporter-output>
            <line>
              <![CDATA[Starting execution for: LoginToTRELLOandCREATEBOEARD]]>
            </line>
          </reporter-output>
        </test-method> <!-- before -->
        <test-method signature="LoginToTRELLOandCREATEBOEARD(java.lang.String, java.lang.String, java.lang.String)[pri:0, instance:com.jcurotto.AutomationDemo_test.tests.trelloTests@7857fe2]" started-at="2021-04-28T19:00:13Z" name="LoginToTRELLOandCREATEBOEARD" data-provider="DataProvider" finished-at="2021-04-28T19:00:33Z" duration-ms="19423" status="FAIL">
          <params>
            <param index="0">
              <value>
                <![CDATA[jtestingtest182@gmail.com]]>
              </value>
            </param>
            <param index="1">
              <value>
                <![CDATA[X!]]>
              </value>
            </param>
            <param index="2">
              <value>
                <![CDATA[TESTING8]]>
              </value>
            </param>
          </params>
          <exception class="org.openqa.selenium.TimeoutException">
            <message>
              <![CDATA[Expected condition failed: waiting for element to be clickable: Proxy element for: DefaultElementLocator 'By.xpath: //div[@class='board-tile mod-add']' (tried for 10 second(s) with 500 milliseconds interval)]]>
            </message>
            <full-stacktrace>
              <![CDATA[org.openqa.selenium.TimeoutException: Expected condition failed: waiting for element to be clickable: Proxy element for: DefaultElementLocator 'By.xpath: //div[@class='board-tile mod-add']' (tried for 10 second(s) with 500 milliseconds interval)
at org.openqa.selenium.support.ui.WebDriverWait.timeoutException(WebDriverWait.java:95)
at org.openqa.selenium.support.ui.FluentWait.until(FluentWait.java:272)
at com.jcurotto.AutomationDemo_test.general.FUtils.waitForElement(FUtils.java:26)
at com.jcurotto.AutomationDemo_test.pages.TRELLOHomePage.clickOnButtonTableros(TRELLOHomePage.java:23)
at com.jcurotto.AutomationDemo_test.tests.trelloTests.LoginToTRELLOandCREATEBOEARD(trelloTests.java:38)
at java.base/jdk.internal.reflect.NativeMethodAccessorImpl.invoke0(Native Method)
at java.base/jdk.internal.reflect.NativeMethodAccessorImpl.invoke(NativeMethodAccessorImpl.java:62)
at java.base/jdk.internal.reflect.DelegatingMethodAccessorImpl.invoke(DelegatingMethodAccessorImpl.java:43)
at java.base/java.lang.reflect.Method.invoke(Method.java:567)
at org.testng.internal.MethodInvocationHelper.invokeMethod(MethodInvocationHelper.java:124)
at org.testng.internal.Invoker.invokeMethod(Invoker.java:580)
at org.testng.internal.Invoker.invokeTestMethod(Invoker.java:716)
at org.testng.internal.Invoker.invokeTestMethods(Invoker.java:988)
at org.testng.internal.TestMethodWorker.invokeTestMethods(TestMethodWorker.java:125)
at org.testng.internal.TestMethodWorker.run(TestMethodWorker.java:109)
at org.testng.TestRunner.privateRun(TestRunner.java:648)
at org.testng.TestRunner.run(TestRunner.java:505)
at org.testng.SuiteRunner.runTest(SuiteRunner.java:455)
at org.testng.SuiteRunner.runSequentially(SuiteRunner.java:450)
at org.testng.SuiteRunner.privateRun(SuiteRunner.java:415)
at org.testng.SuiteRunner.run(SuiteRunner.java:364)
at org.testng.SuiteRunnerWorker.runSuite(SuiteRunnerWorker.java:52)
at org.testng.SuiteRunnerWorker.run(SuiteRunnerWorker.java:84)
at org.testng.TestNG.runSuitesSequentially(TestNG.java:1208)
at org.testng.TestNG.runSuitesLocally(TestNG.java:1137)
at org.testng.TestNG.runSuites(TestNG.java:1049)
at org.testng.TestNG.run(TestNG.java:1017)
at org.testng.remote.AbstractRemoteTestNG.run(AbstractRemoteTestNG.java:115)
at org.testng.remote.RemoteTestNG.initAndRun(RemoteTestNG.java:251)
at org.testng.remote.RemoteTestNG.main(RemoteTestNG.java:77)
Caused by: org.openqa.selenium.NoSuchElementException: no such element: Unable to locate element: {"method":"xpath","selector":"//div[@class='board-tile mod-add']"}
  (Session info: chrome=90.0.4430.93)
For documentation on this error, please visit: https://www.seleniumhq.org/exceptions/no_such_element.html
Build info: version: '3.141.59', revision: 'e82be7d358', time: '2018-11-14T08:17:03'
System info: host: 'PCJOACO', ip: '192.168.0.119', os.name: 'Windows 10', os.arch: 'amd64', os.version: '10.0', java.version: '13.0.2'
Driver info: org.openqa.selenium.chrome.ChromeDriver
Capabilities {acceptInsecureCerts: false, browserName: chrome, browserVersion: 90.0.4430.93, chrome: {chromedriverVersion: 90.0.4430.24 (4c6d850f087da..., userDataDir: C:\Users\joaqu\AppData\Loca...}, goog:chromeOptions: {debuggerAddress: localhost:63184}, javascriptEnabled: true, networkConnectionEnabled: false, pageLoadStrategy: normal, platform: WINDOWS, platformName: WINDOWS, proxy: Proxy(), setWindowRect: true, strictFileInteractability: false, timeouts: {implicit: 0, pageLoad: 300000, script: 30000}, unhandledPromptBehavior: dismiss and notify, webauthn:extension:largeBlob: true, webauthn:virtualAuthenticators: true}
Session ID: e6ed1534190ef40f2e0e715137a78519
*** Element info: {Using=xpath, value=//div[@class='board-tile mod-add']}
at jdk.internal.reflect.GeneratedConstructorAccessor16.newInstance(Unknown Source)
at java.base/jdk.internal.reflect.DelegatingConstructorAccessorImpl.newInstance(DelegatingConstructorAccessorImpl.java:45)
at java.base/java.lang.reflect.Constructor.newInstanceWithCaller(Constructor.java:500)
at java.base/java.lang.reflect.Constructor.newInstance(Constructor.java:481)
at org.openqa.selenium.remote.http.W3CHttpResponseCodec.createException(W3CHttpResponseCodec.java:187)
at org.openqa.selenium.remote.http.W3CHttpResponseCodec.decode(W3CHttpResponseCodec.java:122)
at org.openqa.selenium.remote.http.W3CHttpResponseCodec.decode(W3CHttpResponseCodec.java:49)
at org.openqa.selenium.remote.HttpCommandExecutor.execute(HttpCommandExecutor.java:158)
at org.openqa.selenium.remote.service.DriverCommandExecutor.execute(DriverCommandExecutor.java:83)
at org.openqa.selenium.remote.RemoteWebDriver.execute(RemoteWebDriver.java:552)
at org.openqa.selenium.remote.RemoteWebDriver.findElement(RemoteWebDriver.java:323)
at org.openqa.selenium.remote.RemoteWebDriver.findElementByXPath(RemoteWebDriver.java:428)
at org.openqa.selenium.By$ByXPath.findElement(By.java:353)
at org.openqa.selenium.remote.RemoteWebDriver.findElement(RemoteWebDriver.java:315)
at org.openqa.selenium.support.pagefactory.DefaultElementLocator.findElement(DefaultElementLocator.java:69)
at org.openqa.selenium.support.pagefactory.internal.LocatingElementHandler.invoke(LocatingElementHandler.java:38)
at com.sun.proxy.$Proxy15.isDisplayed(Unknown Source)
at org.openqa.selenium.support.ui.ExpectedConditions.elementIfVisible(ExpectedConditions.java:314)
at org.openqa.selenium.support.ui.ExpectedConditions.access$000(ExpectedConditions.java:43)
at org.openqa.selenium.support.ui.ExpectedConditions$10.apply(ExpectedConditions.java:300)
at org.openqa.selenium.support.ui.ExpectedConditions$10.apply(ExpectedConditions.java:297)
at org.openqa.selenium.support.ui.ExpectedConditions$23.apply(ExpectedConditions.java:670)
at org.openqa.selenium.support.ui.ExpectedConditions$23.apply(ExpectedConditions.java:666)
at org.openqa.selenium.support.ui.FluentWait.until(FluentWait.java:249)
... 28 more
]]>
            </full-stacktrace>
          </exception> <!-- org.openqa.selenium.TimeoutException -->
          <reporter-output>
            <line>
              <![CDATA[Navigate to Trello]]>
            </line>
            <line>
              <![CDATA[Click en Iniciar Sesion]]>
            </line>
            <line>
              <![CDATA[Type Username]]>
            </line>
            <line>
              <![CDATA[Type Password]]>
            </line>
            <line>
              <![CDATA[Click on tableros]]>
            </line>
          </reporter-output>
        </test-method> <!-- LoginToTRELLOandCREATEBOEARD -->
        <test-method is-config="true" signature="after(org.testng.ITestResult)[pri:0, instance:com.jcurotto.AutomationDemo_test.tests.trelloTests@7857fe2]" started-at="2021-04-28T19:00:33Z" name="after" finished-at="2021-04-28T19:00:39Z" duration-ms="6653" status="PASS">
          <params>
            <param index="0">
              <value>
                <![CDATA[[TestResult name=LoginToTRELLOandCREATEBOEARD status=FAILURE method=trelloTests.LoginToTRELLOandCREATEBOEARD(java.lang.String, java.lang.String, java.lang.String)[pri:0, instance:com.jcurotto.AutomationDemo_test.tests.trelloTests@7857fe2] output=Navigate to Trello]]]>
              </value>
            </param>
          </params>
          <reporter-output>
            <line>
              <![CDATA[The execution result is: FAILED]]>
            </line>
            <line>
              <![CDATA[Finishing execution for: LoginToTRELLOandCREATEBOEARD]]>
            </line>
          </reporter-output>
        </test-method> <!-- after -->
      </class> <!-- com.jcurotto.AutomationDemo_test.tests.trelloTests -->
    </test> <!-- Default test -->
  </suite> <!-- Default suite -->
</testng-results>
